<?xml version="1.0" encoding="UTF-8"?>
<!-- Generated by org.testng.reporters.JUnitXMLReporter -->
<testsuite hostname="DESKTOP-26108FD" name="Default test" tests="1" failures="0" timestamp="5 May 2021 15:29:40 GMT" time="0.062" errors="0">
  <testcase name="@BeforeClass setUpClass" time="0.0" classname="Runner.RunTest">
    <failure type="cucumber.runtime.CucumberException" message="java.io.FileNotFoundException: E:\K2Range\New%20Project%20Phalu\TheCucksProject\lib\cucumber-core-1.2.2.jar (The system cannot find the path specified)">
      <![CDATA[cucumber.runtime.CucumberException: java.io.FileNotFoundException: E:\K2Range\New%20Project%20Phalu\TheCucksProject\lib\cucumber-core-1.2.2.jar (The system cannot find the path specified)
	at cucumber.runtime.io.ZipResourceIteratorFactory.createIterator(ZipResourceIteratorFactory.java:41)
	at cucumber.runtime.io.ZipThenFileResourceIteratorFactory.createIterator(ZipThenFileResourceIteratorFactory.java:21)
	at cucumber.runtime.io.DelegatingResourceIteratorFactory.createIterator(DelegatingResourceIteratorFactory.java:49)
	at cucumber.runtime.io.ClasspathResourceIterable.iterator(ClasspathResourceIterable.java:33)
	at cucumber.runtime.io.ResourceLoaderClassFinder.getDescendants(ResourceLoaderClassFinder.java:22)
	at cucumber.runtime.Reflections.instantiateSubclasses(Reflections.java:28)
	at cucumber.runtime.Runtime.loadBackends(Runtime.java:97)
	at cucumber.runtime.Runtime.<init>(Runtime.java:64)
	at cucumber.api.testng.TestNGCucumberRunner.<init>(TestNGCucumberRunner.java:42)
	at cucumber.api.testng.AbstractTestNGCucumberTests.setUpClass(AbstractTestNGCucumberTests.java:16)
	at sun.reflect.NativeMethodAccessorImpl.invoke0(Native Method)
	at sun.reflect.NativeMethodAccessorImpl.invoke(Unknown Source)
	at sun.reflect.DelegatingMethodAccessorImpl.invoke(Unknown Source)
	at java.lang.reflect.Method.invoke(Unknown Source)
	at org.testng.internal.MethodInvocationHelper.invokeMethod(MethodInvocationHelper.java:85)
	at org.testng.internal.Invoker.invokeConfigurationMethod(Invoker.java:510)
	at org.testng.internal.Invoker.invokeConfigurations(Invoker.java:211)
	at org.testng.internal.Invoker.invokeConfigurations(Invoker.java:138)
	at org.testng.internal.TestMethodWorker.invokeBeforeClassMethods(TestMethodWorker.java:170)
	at org.testng.internal.TestMethodWorker.run(TestMethodWorker.java:104)
	at org.testng.TestRunner.privateRun(TestRunner.java:774)
	at org.testng.TestRunner.run(TestRunner.java:624)
	at org.testng.SuiteRunner.runTest(SuiteRunner.java:359)
	at org.testng.SuiteRunner.runSequentially(SuiteRunner.java:354)
	at org.testng.SuiteRunner.privateRun(SuiteRunner.java:312)
	at org.testng.SuiteRunner.run(SuiteRunner.java:261)
	at org.testng.SuiteRunnerWorker.runSuite(SuiteRunnerWorker.java:52)
	at org.testng.SuiteRunnerWorker.run(SuiteRunnerWorker.java:86)
	at org.testng.TestNG.runSuitesSequentially(TestNG.java:1215)
	at org.testng.TestNG.runSuitesLocally(TestNG.java:1140)
	at org.testng.TestNG.run(TestNG.java:1048)
	at org.testng.remote.AbstractRemoteTestNG.run(AbstractRemoteTestNG.java:114)
	at org.testng.remote.RemoteTestNG.initAndRun(RemoteTestNG.java:251)
	at org.testng.remote.RemoteTestNG.main(RemoteTestNG.java:77)
Caused by: java.io.FileNotFoundException: E:\K2Range\New%20Project%20Phalu\TheCucksProject\lib\cucumber-core-1.2.2.jar (The system cannot find the path specified)
	at java.util.zip.ZipFile.open(Native Method)
	at java.util.zip.ZipFile.<init>(Unknown Source)
	at java.util.zip.ZipFile.<init>(Unknown Source)
	at java.util.zip.ZipFile.<init>(Unknown Source)
	at cucumber.runtime.io.ZipResourceIterator.<init>(ZipResourceIterator.java:20)
	at cucumber.runtime.io.ZipResourceIteratorFactory.createIterator(ZipResourceIteratorFactory.java:39)
	... 33 more
]]>
    </failure>
  </testcase> <!-- @BeforeClass setUpClass -->
  <testcase name="@AfterClass tearDownClass" time="0.0" classname="Runner.RunTest">
    <skipped/>
  </testcase> <!-- @AfterClass tearDownClass -->
  <testcase name="feature" time="0.0" classname="Runner.RunTest">
    <skipped/>
  </testcase> <!-- feature -->
</testsuite> <!-- Default test -->
